<?xml version="1.0" encoding="UTF-8"?>
<testng-results skipped="0" failed="0" ignored="0" total="1" passed="1">
  <reporter-output>
  </reporter-output>
  <suite name="Default suite" duration-ms="44989" started-at="2021-11-30T07:17:03Z" finished-at="2021-11-30T07:17:48Z">
    <groups>
    </groups>
    <test name="Default test" duration-ms="44989" started-at="2021-11-30T07:17:03Z" finished-at="2021-11-30T07:17:48Z">
      <class name="org.mainclass.Mainclass">
        <test-method status="PASS" signature="beforeTest()[pri:0, instance:org.mainclass.Mainclass@13deb50e]" name="beforeTest" is-config="true" duration-ms="4094" started-at="2021-11-30T07:17:03Z" finished-at="2021-11-30T07:17:07Z">
          <reporter-output>
          </reporter-output>
        </test-method> <!-- beforeTest -->
        <test-method status="PASS" signature="test(java.lang.String, java.lang.String, java.lang.String, java.lang.String)[pri:0, instance:org.mainclass.Mainclass@13deb50e]" name="test" duration-ms="40373" started-at="2021-11-30T07:17:07Z" data-provider="flipkart" finished-at="2021-11-30T07:17:48Z">
          <params>
            <param index="0">
              <value>
                <![CDATA[8056079536]]>
              </value>
            </param>
            <param index="1">
              <value>
                <![CDATA[987654321]]>
              </value>
            </param>
            <param index="2">
              <value>
                <![CDATA[HpLaptop]]>
              </value>
            </param>
            <param index="3">
              <value>
                <![CDATA[Iphone]]>
              </value>
            </param>
          </params>
          <reporter-output>
          </reporter-output>
        </test-method> <!-- test -->
        <test-method status="PASS" signature="afterTest()[pri:0, instance:org.mainclass.Mainclass@13deb50e]" name="afterTest" is-config="true" duration-ms="454" started-at="2021-11-30T07:17:48Z" finished-at="2021-11-30T07:17:48Z">
          <reporter-output>
          </reporter-output>
        </test-method> <!-- afterTest -->
      </class> <!-- org.mainclass.Mainclass -->
    </test> <!-- Default test -->
  </suite> <!-- Default suite -->
</testng-results>
